<?xml version="1.0" encoding="UTF-8"?>
<!-- Generated by org.testng.reporters.JUnitXMLReporter -->
<testsuite hostname="DESKTOP-L7E7E43" ignored="23" name="Default test" tests="1" failures="1" timestamp="19 Jun 2019 06:05:28 GMT" time="17.162" errors="0">
  <testcase name="documentConversion" time="2.579" classname="mangoMain.SanitySuite.TestRun">
    <failure type="java.lang.AssertionError" message="expected [true] but found [false]">
      <![CDATA[java.lang.AssertionError: expected [true] but found [false]
at org.testng.Assert.fail(Assert.java:96)
at org.testng.Assert.failNotEquals(Assert.java:776)
at org.testng.Assert.assertEqualsImpl(Assert.java:137)
at org.testng.Assert.assertEquals(Assert.java:118)
at org.testng.Assert.assertEquals(Assert.java:568)
at org.testng.Assert.assertEquals(Assert.java:578)
at mangoMain.SanitySuite.TestRun.documentConversion(TestRun.java:131)
at sun.reflect.NativeMethodAccessorImpl.invoke0(Native Method)
at sun.reflect.NativeMethodAccessorImpl.invoke(Unknown Source)
at sun.reflect.DelegatingMethodAccessorImpl.invoke(Unknown Source)
at java.lang.reflect.Method.invoke(Unknown Source)
at org.testng.internal.MethodInvocationHelper.invokeMethod(MethodInvocationHelper.java:124)
at org.testng.internal.Invoker.invokeMethod(Invoker.java:583)
at org.testng.internal.Invoker.invokeTestMethod(Invoker.java:719)
at org.testng.internal.Invoker.invokeTestMethods(Invoker.java:989)
at org.testng.internal.TestMethodWorker.invokeTestMethods(TestMethodWorker.java:125)
at org.testng.internal.TestMethodWorker.run(TestMethodWorker.java:109)
at org.testng.TestRunner.privateRun(TestRunner.java:648)
at org.testng.TestRunner.run(TestRunner.java:505)
at org.testng.SuiteRunner.runTest(SuiteRunner.java:455)
at org.testng.SuiteRunner.runSequentially(SuiteRunner.java:450)
at org.testng.SuiteRunner.privateRun(SuiteRunner.java:415)
at org.testng.SuiteRunner.run(SuiteRunner.java:364)
at org.testng.SuiteRunnerWorker.runSuite(SuiteRunnerWorker.java:52)
at org.testng.SuiteRunnerWorker.run(SuiteRunnerWorker.java:84)
at org.testng.TestNG.runSuitesSequentially(TestNG.java:1208)
at org.testng.TestNG.runSuitesLocally(TestNG.java:1137)
at org.testng.TestNG.runSuites(TestNG.java:1049)
at org.testng.TestNG.run(TestNG.java:1017)
at org.testng.remote.AbstractRemoteTestNG.run(AbstractRemoteTestNG.java:115)
at org.testng.remote.RemoteTestNG.initAndRun(RemoteTestNG.java:251)
at org.testng.remote.RemoteTestNG.main(RemoteTestNG.java:77)
]]>
    </failure>
  </testcase> <!-- documentConversion -->
  <testcase name="disableUserModule" time="0.0" classname="mangoMain.SanitySuite.TestRun">
    <ignored/>
  </testcase> <!-- disableUserModule -->
  <testcase name="activateRecognition" time="0.0" classname="mangoMain.SanitySuite.TestRun">
    <ignored/>
  </testcase> <!-- activateRecognition -->
  <testcase name="createPage" time="0.0" classname="mangoMain.SanitySuite.TestRun">
    <ignored/>
  </testcase> <!-- createPage -->
  <testcase name="renameProject" time="0.0" classname="mangoMain.SanitySuite.TestRun">
    <ignored/>
  </testcase> <!-- renameProject -->
  <testcase name="createWiki" time="0.0" classname="mangoMain.SanitySuite.TestRun">
    <ignored/>
  </testcase> <!-- createWiki -->
  <testcase name="deActivateRecognition" time="0.0" classname="mangoMain.SanitySuite.TestRun">
    <ignored/>
  </testcase> <!-- deActivateRecognition -->
  <testcase name="projectDeletion" time="0.0" classname="mangoMain.SanitySuite.TestRun">
    <ignored/>
  </testcase> <!-- projectDeletion -->
  <testcase name="changeDP" time="0.0" classname="mangoMain.SanitySuite.TestRun">
    <ignored/>
  </testcase> <!-- changeDP -->
  <testcase name="EveryoneAdded" time="0.0" classname="mangoMain.SanitySuite.TestRun">
    <ignored/>
  </testcase> <!-- EveryoneAdded -->
  <testcase name="enableUserModule" time="0.0" classname="mangoMain.SanitySuite.TestRun">
    <ignored/>
  </testcase> <!-- enableUserModule -->
  <testcase name="userSearch" time="0.0" classname="mangoMain.SanitySuite.TestRun">
    <ignored/>
  </testcase> <!-- userSearch -->
  <testcase name="domainSignUp" time="0.0" classname="mangoMain.SanitySuite.TestRun">
    <ignored/>
  </testcase> <!-- domainSignUp -->
  <testcase name="logOutFromApplication" time="0.0" classname="mangoMain.SanitySuite.TestRun">
    <ignored/>
  </testcase> <!-- logOutFromApplication -->
  <testcase name="createPost" time="0.0" classname="mangoMain.SanitySuite.TestRun">
    <ignored/>
  </testcase> <!-- createPost -->
  <testcase name="projectCreation" time="0.0" classname="mangoMain.SanitySuite.TestRun">
    <ignored/>
  </testcase> <!-- projectCreation -->
  <testcase name="landingPage" time="0.0" classname="mangoMain.SanitySuite.TestRun">
    <ignored/>
  </testcase> <!-- landingPage -->
  <testcase name="createStaticPage" time="0.0" classname="mangoMain.SanitySuite.TestRun">
    <ignored/>
  </testcase> <!-- createStaticPage -->
  <testcase name="domainLogin" time="0.0" classname="mangoMain.SanitySuite.TestRun">
    <ignored/>
  </testcase> <!-- domainLogin -->
  <testcase name="createDynamicPage" time="0.0" classname="mangoMain.SanitySuite.TestRun">
    <ignored/>
  </testcase> <!-- createDynamicPage -->
  <testcase name="createReccurenceTask" time="0.0" classname="mangoMain.SanitySuite.TestRun">
    <ignored/>
  </testcase> <!-- createReccurenceTask -->
  <testcase name="askQuestion" time="0.0" classname="mangoMain.SanitySuite.TestRun">
    <ignored/>
  </testcase> <!-- askQuestion -->
  <testcase name="login" time="0.0" classname="mangoMain.SanitySuite.TestRun">
    <ignored/>
  </testcase> <!-- login -->
  <testcase name="defaultGroups" time="0.0" classname="mangoMain.SanitySuite.TestRun">
    <ignored/>
  </testcase> <!-- defaultGroups -->
</testsuite> <!-- Default test -->
